Arguments: 
  /usr/bin/node /usr/share/yarn/bin/yarn.js remove bootstrap

PATH: 
  /home/hunguyen/.rvm/gems/ruby-2.2.9/bin:/home/hunguyen/.rvm/gems/ruby-2.2.9@global/bin:/home/hunguyen/.rvm/rubies/ruby-2.2.9/bin:/home/hunguyen/bin:/home/hunguyen/.local/bin:/usr/local/sbin:/usr/local/bin:/usr/sbin:/usr/bin:/sbin:/bin:/usr/games:/usr/local/games:/snap/bin:/usr/lib/jvm/java-8-oracle/bin:/usr/lib/jvm/java-8-oracle/db/bin:/usr/lib/jvm/java-8-oracle/jre/bin:/home/hunguyen/.rvm/bin

Yarn version: 
  1.5.1

Node version: 
  8.10.0

Platform: 
  linux x64

npm manifest: 
  {
    "dependencies": {
      "bootstrap-sass": "^3.3.7"
    }
  }

yarn manifest: 
  No manifest

Lockfile: 
  # THIS IS AN AUTOGENERATED FILE. DO NOT EDIT THIS FILE DIRECTLY.
  # yarn lockfile v1
  
  
  bootstrap-sass@^3.3.7:
    version "3.3.7"
    resolved "https://registry.yarnpkg.com/bootstrap-sass/-/bootstrap-sass-3.3.7.tgz#6596c7ab40f6637393323ab0bc80d064fc630498"
  
  bootstrap@^4.0.0:
    version "4.0.0"
    resolved "https://registry.yarnpkg.com/bootstrap/-/bootstrap-4.0.0.tgz#ceb03842c145fcc1b9b4e15da2a05656ba68469a"

Trace: 
  Error: This module isn't specified in a manifest.
      at new MessageError (/usr/share/yarn/lib/cli.js:186:110)
      at Object.<anonymous> (/usr/share/yarn/lib/cli.js:60445:15)
      at Generator.next (<anonymous>)
      at step (/usr/share/yarn/lib/cli.js:98:30)
      at /usr/share/yarn/lib/cli.js:109:13
      at <anonymous>
